[0.000000] (-) TimerEvent: {}
[0.000602] (-) JobUnselected: {'identifier': 'my_robot_description'}
[0.000763] (-) JobUnselected: {'identifier': 'simple_robot_description'}
[0.000856] (-) JobUnselected: {'identifier': 'temperature_system'}
[0.000919] (temperature_monitor) JobQueued: {'identifier': 'temperature_monitor', 'dependencies': OrderedDict()}
[0.005391] (temperature_monitor) JobStarted: {'identifier': 'temperature_monitor'}
[0.098822] (-) TimerEvent: {}
[0.205175] (-) TimerEvent: {}
[0.309923] (-) TimerEvent: {}
[0.413346] (-) TimerEvent: {}
[0.516128] (-) TimerEvent: {}
[0.616817] (-) TimerEvent: {}
[0.719608] (-) TimerEvent: {}
[0.824092] (-) TimerEvent: {}
[0.925861] (-) TimerEvent: {}
[1.028793] (-) TimerEvent: {}
[1.139404] (-) TimerEvent: {}
[1.243113] (-) TimerEvent: {}
[1.345185] (-) TimerEvent: {}
[1.448280] (-) TimerEvent: {}
[1.549568] (-) TimerEvent: {}
[1.653562] (-) TimerEvent: {}
[1.756452] (-) TimerEvent: {}
[1.860549] (-) TimerEvent: {}
[1.963317] (-) TimerEvent: {}
[2.065921] (-) TimerEvent: {}
[2.173169] (-) TimerEvent: {}
[2.277379] (-) TimerEvent: {}
[2.378165] (-) TimerEvent: {}
[2.483342] (-) TimerEvent: {}
[2.588178] (-) TimerEvent: {}
[2.691236] (-) TimerEvent: {}
[2.797111] (-) TimerEvent: {}
[2.897959] (-) TimerEvent: {}
[3.000604] (-) TimerEvent: {}
[3.103354] (-) TimerEvent: {}
[3.206465] (-) TimerEvent: {}
[3.307520] (-) TimerEvent: {}
[3.410728] (-) TimerEvent: {}
[3.512424] (-) TimerEvent: {}
[3.619372] (-) TimerEvent: {}
[3.721186] (-) TimerEvent: {}
[3.824203] (-) TimerEvent: {}
[3.924944] (-) TimerEvent: {}
[4.026128] (-) TimerEvent: {}
[4.128664] (-) TimerEvent: {}
[4.230448] (-) TimerEvent: {}
[4.334537] (-) TimerEvent: {}
[4.438096] (-) TimerEvent: {}
[4.544304] (-) TimerEvent: {}
[4.644975] (-) TimerEvent: {}
[4.747038] (-) TimerEvent: {}
[4.850065] (-) TimerEvent: {}
[4.954100] (-) TimerEvent: {}
[5.058110] (-) TimerEvent: {}
[5.161322] (-) TimerEvent: {}
[5.264468] (-) TimerEvent: {}
[5.370597] (-) TimerEvent: {}
[5.473912] (-) TimerEvent: {}
[5.580420] (-) TimerEvent: {}
[5.681206] (-) TimerEvent: {}
[5.789222] (-) TimerEvent: {}
[5.889822] (-) TimerEvent: {}
[5.994662] (-) TimerEvent: {}
[6.095382] (-) TimerEvent: {}
[6.196091] (-) TimerEvent: {}
[6.299915] (-) TimerEvent: {}
[6.404112] (-) TimerEvent: {}
[6.508678] (-) TimerEvent: {}
[6.612640] (-) TimerEvent: {}
[6.719520] (-) TimerEvent: {}
[6.823178] (-) TimerEvent: {}
[6.929163] (-) TimerEvent: {}
[7.032754] (-) TimerEvent: {}
[7.134673] (-) TimerEvent: {}
[7.237464] (-) TimerEvent: {}
[7.347203] (-) TimerEvent: {}
[7.449416] (-) TimerEvent: {}
[7.553474] (-) TimerEvent: {}
[7.658370] (-) TimerEvent: {}
[7.764104] (-) TimerEvent: {}
[7.866387] (-) TimerEvent: {}
[7.983232] (-) TimerEvent: {}
[8.108699] (-) TimerEvent: {}
[8.209663] (-) TimerEvent: {}
[8.311200] (-) TimerEvent: {}
[8.414094] (-) TimerEvent: {}
[8.515868] (-) TimerEvent: {}
[8.619768] (-) TimerEvent: {}
[8.723469] (-) TimerEvent: {}
[8.827321] (-) TimerEvent: {}
[8.929652] (-) TimerEvent: {}
[9.033443] (-) TimerEvent: {}
[9.140172] (-) TimerEvent: {}
[9.249250] (-) TimerEvent: {}
[9.352134] (-) TimerEvent: {}
[9.465122] (-) TimerEvent: {}
[9.571507] (-) TimerEvent: {}
[9.677341] (-) TimerEvent: {}
[9.787635] (-) TimerEvent: {}
[9.890427] (-) TimerEvent: {}
[9.991282] (-) TimerEvent: {}
[10.093585] (-) TimerEvent: {}
[10.195469] (-) TimerEvent: {}
[10.303648] (-) TimerEvent: {}
[10.408420] (-) TimerEvent: {}
[10.520236] (-) TimerEvent: {}
[10.567747] (temperature_monitor) StderrLine: {'line': b'Traceback (most recent call last):\n  File "/usr/lib/python3/dist-packages/colcon_parallel_executor/executor/parallel.py", line 75, in execute\n    loop.run_until_complete(future)\n  File "/usr/lib/python3.12/asyncio/base_events.py", line 674, in run_until_complete\n    self.run_forever()\n  File "/usr/lib/python3.12/asyncio/base_events.py", line 641, in run_forever\n    self._run_once()\n  File "/usr/lib/python3.12/asyncio/base_events.py", line 1949, in _run_once\n    event_list = self._selector.select(timeout)\n                 ^^^^^^^^^^^^^^^^^^^^^^^^^^^^^^\n  File "/usr/lib/python3.12/selectors.py", line 468, in select\n    fd_event_list = self._selector.poll(timeout, max_ev)\n                    ^^^^^^^^^^^^^^^^^^^^^^^^^^^^^^^^^^^^\nKeyboardInterrupt\n\nDuring handling of the above exception, another exception occurred:\n\nTraceback (most recent call last):\n  File "/usr/lib/python3/dist-packages/colcon_core/executor/__init__.py", line 91, in __call__\n    rc = await self.task(*args, **kwargs)\n         ^^^^^^^^^^^^^^^^^^^^^^^^^^^^^^^^\n  File "/usr/lib/python3/dist-packages/colcon_core/task/__init__.py", line 93, in __call__\n    return await task_method(*args, **kwargs)\n           ^^^^^^^^^^^^^^^^^^^^^^^^^^^^^^^^^^\n  File "/usr/lib/python3/dist-packages/colcon_ros/task/ament_python/build.py", line 102, in build\n    return await extension.build(additional_hooks=additional_hooks)\n           ^^^^^^^^^^^^^^^^^^^^^^^^^^^^^^^^^^^^^^^^^^^^^^^^^^^^^^^^\n  File "/usr/lib/python3/dist-packages/colcon_core/task/python/build.py", line 96, in build\n    available_commands = await self._get_available_commands(\n                         ^^^^^^^^^^^^^^^^^^^^^^^^^^^^^^^^^^^\n  File "/usr/lib/python3/dist-packages/colcon_core/task/python/build.py", line 194, in _get_available_commands\n    output = await check_output(\n             ^^^^^^^^^^^^^^^^^^^\n  File "/usr/lib/python3/dist-packages/colcon_core/subprocess.py", line 129, in check_output\n    assert not rc, f\'Expected {args} to pass: {stderr_data}\'\n           ^^^^^^\nAssertionError: Expected [\'/usr/bin/python3\', \'-W\', \'ignore:setup.py install is deprecated\', \'-W\', \'ignore:easy_install command is deprecated\', \'setup.py\', \'--help-commands\'] to pass: \n'}
[10.591653] (temperature_monitor) JobEnded: {'identifier': 'temperature_monitor', 'rc': 'SIGINT'}
[10.603454] (-) EventReactorShutdown: {}
